<?xml version="1.0"?><coverage lines-covered="5" lines-valid="9" line-rate="0.5555555555555556" branches-covered="0" branches-valid="0" branch-rate="0" complexity="0" version="1.9" timestamp="1785256492"><sources><source>/home/runner/work/model-core.rs/model-core.rs</source></sources><packages><package name="src/models" line-rate="0.5555555555555556" branch-rate="0" complexity="0"><classes><class name="auditable" filename="src/models/auditable.rs" line-rate="0.5555555555555556" branch-rate="0" complexity="0"><methods/><lines><line number="16" hits="1"/><line number="22" hits="3"/><line number="25" hits="1"/><line number="31" hits="3"/><line number="32" hits="2"/><line number="52" hits="0"/><line number="53" hits="0"/><line number="56" hits="0"/><line number="58" hits="0"/></lines></class></classes></package><package name="src/vo" line-rate="0" branch-rate="0" complexity="0"><classes></classes></package><package name="src" line-rate="0.5555555555555556" branch-rate="0" complexity="0"><classes></classes></package></packages></coverage>